# JRE version: OpenJDK Runtime Environment (8.0_242-b01) (build 1.8.0_242-release-1644-b01)
# Java VM: OpenJDK 64-Bit Server VM (25.242-b01 mixed mode windows-amd64 compressed oops)
Heap:
 PSYoungGen      total 144896K, used 2707K [0x00000000d5580000, 0x00000000def80000, 0x0000000100000000)
  eden space 133120K, 2% used [0x00000000d5580000,0x00000000d5824d00,0x00000000dd780000)
  from space 11776K, 0% used [0x00000000de400000,0x00000000de400000,0x00000000def80000)
  to   space 12288K, 0% used [0x00000000dd780000,0x00000000dd780000,0x00000000de380000)
 ParOldGen       total 48128K, used 12352K [0x0000000080000000, 0x0000000082f00000, 0x00000000d5580000)
  object space 48128K, 25% used [0x0000000080000000,0x0000000080c10180,0x0000000082f00000)
 Metaspace       used 34289K, capacity 35178K, committed 35624K, reserved 1079296K
  class space    used 4548K, capacity 4790K, committed 4912K, reserved 1048576K
GC Heap History (10 events):
Event: 6.723 GC heap before
{Heap before GC invocations=6 (full 0):
 PSYoungGen      total 71680K, used 6211K [0x00000000d5580000, 0x00000000df080000, 0x0000000100000000)
  eden space 66560K, 1% used [0x00000000d5580000,0x00000000d5694da8,0x00000000d9680000)
  from space 5120K, 99% used [0x00000000d9680000,0x00000000d9b7c040,0x00000000d9b80000)
  to   space 12800K, 0% used [0x00000000de400000,0x00000000de400000,0x00000000df080000)
 ParOldGen       total 87552K, used 10347K [0x0000000080000000, 0x0000000085580000, 0x00000000d5580000)
  object space 87552K, 11% used [0x0000000080000000,0x0000000080a1ace8,0x0000000085580000)
 Metaspace       used 20516K, capacity 21232K, committed 21296K, reserved 1067008K
  class space    used 2882K, capacity 3098K, committed 3120K, reserved 1048576K
Event: 6.728 GC heap after
Heap after GC invocations=6 (full 0):
 PSYoungGen      total 144896K, used 5168K [0x00000000d5580000, 0x00000000def80000, 0x0000000100000000)
  eden space 133120K, 0% used [0x00000000d5580000,0x00000000d5580000,0x00000000dd780000)
  from space 11776K, 43% used [0x00000000de400000,0x00000000de90c040,0x00000000def80000)
  to   space 12288K, 0% used [0x00000000dd780000,0x00000000dd780000,0x00000000de380000)
 ParOldGen       total 87552K, used 10347K [0x0000000080000000, 0x0000000085580000, 0x00000000d5580000)
  object space 87552K, 11% used [0x0000000080000000,0x0000000080a1ace8,0x0000000085580000)
 Metaspace       used 20516K, capacity 21232K, committed 21296K, reserved 1067008K
  class space    used 2882K, capacity 3098K, committed 3120K, reserved 1048576K
}
Event: 6.728 GC heap before
{Heap before GC invocations=7 (full 1):
 PSYoungGen      total 144896K, used 5168K [0x00000000d5580000, 0x00000000def80000, 0x0000000100000000)
  eden space 133120K, 0% used [0x00000000d5580000,0x00000000d5580000,0x00000000dd780000)
  from space 11776K, 43% used [0x00000000de400000,0x00000000de90c040,0x00000000def80000)
  to   space 12288K, 0% used [0x00000000dd780000,0x00000000dd780000,0x00000000de380000)
 ParOldGen       total 87552K, used 10347K [0x0000000080000000, 0x0000000085580000, 0x00000000d5580000)
  object space 87552K, 11% used [0x0000000080000000,0x0000000080a1ace8,0x0000000085580000)
 Metaspace       used 20516K, capacity 21232K, committed 21296K, reserved 1067008K
  class space    used 2882K, capacity 3098K, committed 3120K, reserved 1048576K
Event: 6.761 GC heap after
Heap after GC invocations=7 (full 1):
 PSYoungGen      total 144896K, used 0K [0x00000000d5580000, 0x00000000def80000, 0x0000000100000000)
  eden space 133120K, 0% used [0x00000000d5580000,0x00000000d5580000,0x00000000dd780000)
  from space 11776K, 0% used [0x00000000de400000,0x00000000de400000,0x00000000def80000)
  to   space 12288K, 0% used [0x00000000dd780000,0x00000000dd780000,0x00000000de380000)
 ParOldGen       total 48128K, used 6914K [0x0000000080000000, 0x0000000082f00000, 0x00000000d5580000)
  object space 48128K, 14% used [0x0000000080000000,0x00000000806c0830,0x0000000082f00000)
 Metaspace       used 20516K, capacity 21232K, committed 21296K, reserved 1067008K
  class space    used 2882K, capacity 3098K, committed 3120K, reserved 1048576K
}
Event: 8.773 GC heap before
{Heap before GC invocations=8 (full 1):
 PSYoungGen      total 144896K, used 133120K [0x00000000d5580000, 0x00000000def80000, 0x0000000100000000)
  eden space 133120K, 100% used [0x00000000d5580000,0x00000000dd780000,0x00000000dd780000)
  from space 11776K, 0% used [0x00000000de400000,0x00000000de400000,0x00000000def80000)
  to   space 12288K, 0% used [0x00000000dd780000,0x00000000dd780000,0x00000000de380000)
 ParOldGen       total 48128K, used 6914K [0x0000000080000000, 0x0000000082f00000, 0x00000000d5580000)
  object space 48128K, 14% used [0x0000000080000000,0x00000000806c0830,0x0000000082f00000)
 Metaspace       used 34163K, capacity 34956K, committed 35248K, reserved 1079296K
  class space    used 4520K, capacity 4759K, committed 4784K, reserved 1048576K
Event: 8.782 GC heap after
Heap after GC invocations=8 (full 1):
 PSYoungGen      total 145408K, used 12259K [0x00000000d5580000, 0x00000000def80000, 0x0000000100000000)
  eden space 133120K, 0% used [0x00000000d5580000,0x00000000d5580000,0x00000000dd780000)
  from space 12288K, 99% used [0x00000000dd780000,0x00000000de378f98,0x00000000de380000)
  to   space 11776K, 0% used [0x00000000de400000,0x00000000de400000,0x00000000def80000)
 ParOldGen       total 48128K, used 9157K [0x0000000080000000, 0x0000000082f00000, 0x00000000d5580000)
  object space 48128K, 19% used [0x0000000080000000,0x00000000808f1410,0x0000000082f00000)
 Metaspace       used 34163K, capacity 34956K, committed 35248K, reserved 1079296K
  class space    used 4520K, capacity 4759K, committed 4784K, reserved 1048576K
}
Event: 8.803 GC heap before
{Heap before GC invocations=9 (full 1):
 PSYoungGen      total 145408K, used 16711K [0x00000000d5580000, 0x00000000def80000, 0x0000000100000000)
  eden space 133120K, 3% used [0x00000000d5580000,0x00000000d59d8dd0,0x00000000dd780000)
  from space 12288K, 99% used [0x00000000dd780000,0x00000000de378f98,0x00000000de380000)
  to   space 11776K, 0% used [0x00000000de400000,0x00000000de400000,0x00000000def80000)
 ParOldGen       total 48128K, used 9157K [0x0000000080000000, 0x0000000082f00000, 0x00000000d5580000)
  object space 48128K, 19% used [0x0000000080000000,0x00000000808f1410,0x0000000082f00000)
 Metaspace       used 34256K, capacity 35152K, committed 35496K, reserved 1079296K
  class space    used 4539K, capacity 4761K, committed 4784K, reserved 1048576K
Event: 8.808 GC heap after
Heap after GC invocations=9 (full 1):
 PSYoungGen      total 144896K, used 5636K [0x00000000d5580000, 0x00000000def80000, 0x0000000100000000)
  eden space 133120K, 0% used [0x00000000d5580000,0x00000000d5580000,0x00000000dd780000)
  from space 11776K, 47% used [0x00000000de400000,0x00000000de9810c0,0x00000000def80000)
  to   space 12288K, 0% used [0x00000000dd780000,0x00000000dd780000,0x00000000de380000)
 ParOldGen       total 48128K, used 9157K [0x0000000080000000, 0x0000000082f00000, 0x00000000d5580000)
  object space 48128K, 19% used [0x0000000080000000,0x00000000808f1410,0x0000000082f00000)
 Metaspace       used 34256K, capacity 35152K, committed 35496K, reserved 1079296K
  class space    used 4539K, capacity 4761K, committed 4784K, reserved 1048576K
}
Event: 8.808 GC heap before
{Heap before GC invocations=10 (full 2):
 PSYoungGen      total 144896K, used 5636K [0x00000000d5580000, 0x00000000def80000, 0x0000000100000000)
  eden space 133120K, 0% used [0x00000000d5580000,0x00000000d5580000,0x00000000dd780000)
  from space 11776K, 47% used [0x00000000de400000,0x00000000de9810c0,0x00000000def80000)
  to   space 12288K, 0% used [0x00000000dd780000,0x00000000dd780000,0x00000000de380000)
 ParOldGen       total 48128K, used 9157K [0x0000000080000000, 0x0000000082f00000, 0x00000000d5580000)
  object space 48128K, 19% used [0x0000000080000000,0x00000000808f1410,0x0000000082f00000)
 Metaspace       used 34256K, capacity 35152K, committed 35496K, reserved 1079296K
  class space    used 4539K, capacity 4761K, committed 4784K, reserved 1048576K
Event: 8.849 GC heap after
Heap after GC invocations=10 (full 2):
 PSYoungGen      total 144896K, used 0K [0x00000000d5580000, 0x00000000def80000, 0x0000000100000000)
  eden space 133120K, 0% used [0x00000000d5580000,0x00000000d5580000,0x00000000dd780000)
  from space 11776K, 0% used [0x00000000de400000,0x00000000de400000,0x00000000def80000)
  to   space 12288K, 0% used [0x00000000dd780000,0x00000000dd780000,0x00000000de380000)
 ParOldGen       total 48128K, used 12352K [0x0000000080000000, 0x0000000082f00000, 0x00000000d5580000)
  object space 48128K, 25% used [0x0000000080000000,0x0000000080c10180,0x0000000082f00000)
 Metaspace       used 34245K, capacity 35140K, committed 35496K, reserved 1079296K
  class space    used 4535K, capacity 4757K, committed 4784K, reserved 1048576K
}

